\BOOKMARK [0][-]{toc.0}{Table of Contents}{}% 1
\BOOKMARK [0][-]{chapter*.2}{Abstract}{}% 2
\BOOKMARK [0][-]{chapter.1}{Introduction}{}% 3
\BOOKMARK [1][-]{section.1.1}{Motivation}{chapter.1}% 4
\BOOKMARK [1][-]{section.1.2}{Aims and Objectives}{chapter.1}% 5
\BOOKMARK [1][-]{section.1.3}{Contribution}{chapter.1}% 6
\BOOKMARK [1][-]{section.1.4}{Structure}{chapter.1}% 7
\BOOKMARK [0][-]{chapter.2}{Background}{}% 8
\BOOKMARK [1][-]{section.2.1}{Introduction}{chapter.2}% 9
\BOOKMARK [1][-]{section.2.2}{Literature Review}{chapter.2}% 10
\BOOKMARK [1][-]{section.2.3}{Technique 1}{chapter.2}% 11
\BOOKMARK [1][-]{section.2.4}{Technique 2}{chapter.2}% 12
\BOOKMARK [1][-]{section.2.5}{Technique n}{chapter.2}% 13
\BOOKMARK [1][-]{section.2.6}{Summary}{chapter.2}% 14
\BOOKMARK [0][-]{chapter.3}{Framework}{}% 15
\BOOKMARK [1][-]{section.3.1}{Theoretical}{chapter.3}% 16
\BOOKMARK [1][-]{section.3.2}{Implementation}{chapter.3}% 17
\BOOKMARK [1][-]{section.3.3}{Technical Preparation}{chapter.3}% 18
\BOOKMARK [1][-]{section.3.4}{Design}{chapter.3}% 19
\BOOKMARK [1][-]{section.3.5}{Development}{chapter.3}% 20
\BOOKMARK [1][-]{section.3.6}{Testing}{chapter.3}% 21
\BOOKMARK [1][-]{section.3.7}{Software Engineering}{chapter.3}% 22
\BOOKMARK [1][-]{section.3.8}{Documentation}{chapter.3}% 23
\BOOKMARK [1][-]{section.3.9}{Experiment Evaluation}{chapter.3}% 24
\BOOKMARK [0][-]{chapter.4}{Critical Analysis and Discussion}{}% 25
\BOOKMARK [0][-]{chapter.5}{Conclusions}{}% 26
\BOOKMARK [0][-]{chapter*.3}{Bibliography}{}% 27
\BOOKMARK [0][-]{chapter.6}{Professional Issues}{}% 28
\BOOKMARK [0][-]{chapter.7}{Appendix}{}% 29
