\BOOKMARK [0][-]{toc.0}{Table of Contents}{}% 1
\BOOKMARK [0][-]{chapter*.2}{Abstract}{}% 2
\BOOKMARK [0][-]{chapter.1}{Rationale}{}% 3
\BOOKMARK [1][-]{section.1.1}{The Problem}{chapter.1}% 4
\BOOKMARK [1][-]{section.1.2}{Cooperation Aids}{chapter.1}% 5
\BOOKMARK [1][-]{section.1.3}{Theory Surrounding Intelligent Agents and Multi-Agent Systems}{chapter.1}% 6
\BOOKMARK [1][-]{section.1.4}{Relevance of The Problem and Indirect Reciprocity to Multi-Agent Systems}{chapter.1}% 7
\BOOKMARK [1][-]{section.1.5}{Project Specification, Aims and Objectives}{chapter.1}% 8
\BOOKMARK [0][-]{chapter.2}{Literature Review and Background Reading}{}% 9
\BOOKMARK [0][-]{chapter.3}{Contents and Knowledge}{}% 10
\BOOKMARK [1][-]{section.3.1}{Design}{chapter.3}% 11
\BOOKMARK [1][-]{section.3.2}{Development}{chapter.3}% 12
\BOOKMARK [1][-]{section.3.3}{Testing}{chapter.3}% 13
\BOOKMARK [1][-]{section.3.4}{Documentation}{chapter.3}% 14
\BOOKMARK [1][-]{section.3.5}{Method}{chapter.3}% 15
\BOOKMARK [1][-]{section.3.6}{Results}{chapter.3}% 16
\BOOKMARK [0][-]{chapter.4}{Critical Analysis and Discussion}{}% 17
\BOOKMARK [1][-]{section.4.1}{Analysis}{chapter.4}% 18
\BOOKMARK [1][-]{section.4.2}{Discussion}{chapter.4}% 19
\BOOKMARK [1][-]{section.4.3}{Conclusions}{chapter.4}% 20
\BOOKMARK [0][-]{chapter*.3}{Bibliography}{}% 21
\BOOKMARK [0][-]{chapter.5}{Professional Issues}{}% 22
\BOOKMARK [0][-]{chapter.6}{Appendix}{}% 23
