\BOOKMARK [0][-]{toc.0}{Table of Contents}{}% 1
\BOOKMARK [0][-]{chapter*.2}{Abstract}{}% 2
\BOOKMARK [0][-]{chapter*.3}{Project Specification}{}% 3
\BOOKMARK [0][-]{chapter.1}{Introduction}{}% 4
\BOOKMARK [1][-]{section.1.1}{How to use this template}{chapter.1}% 5
\BOOKMARK [0][-]{chapter.2}{Background Theory}{}% 6
\BOOKMARK [0][-]{chapter.3}{Software Engineering}{}% 7
\BOOKMARK [1][-]{section.3.1}{Learning Web/Logic Dev}{chapter.3}% 8
\BOOKMARK [1][-]{section.3.2}{System Design}{chapter.3}% 9
\BOOKMARK [1][-]{section.3.3}{Tools, Techniques and Processes}{chapter.3}% 10
\BOOKMARK [0][-]{chapter.4}{Page Layout \046 Size}{}% 11
\BOOKMARK [0][-]{chapter.5}{Headings}{}% 12
\BOOKMARK [1][-]{section.5.1}{Second Level Headings}{chapter.5}% 13
\BOOKMARK [1][-]{section.5.2}{A Word on Numbering}{chapter.5}% 14
\BOOKMARK [0][-]{chapter.6}{Presentation Issues}{}% 15
\BOOKMARK [1][-]{section.6.1}{Figures, Charts and Tables}{chapter.6}% 16
\BOOKMARK [1][-]{section.6.2}{Source Code}{chapter.6}% 17
\BOOKMARK [0][-]{chapter.7}{References}{}% 18
\BOOKMARK [0][-]{chapter.8}{Project Information and Rules}{}% 19
\BOOKMARK [0][-]{chapter*.4}{Bibliography}{}% 20
