\BOOKMARK [0][-]{toc.0}{Table of Contents}{}% 1
\BOOKMARK [0][-]{chapter*.2}{Abstract}{}% 2
\BOOKMARK [0][-]{chapter.1}{Introduction}{}% 3
\BOOKMARK [1][-]{section.1.1}{Motivation}{chapter.1}% 4
\BOOKMARK [1][-]{section.1.2}{Aims and Objectives}{chapter.1}% 5
\BOOKMARK [1][-]{section.1.3}{Contribution}{chapter.1}% 6
\BOOKMARK [1][-]{section.1.4}{Structure}{chapter.1}% 7
\BOOKMARK [0][-]{chapter.2}{Background}{}% 8
\BOOKMARK [1][-]{section.2.1}{Introduction}{chapter.2}% 9
\BOOKMARK [1][-]{section.2.2}{Multi-Agent Systems and Intelligent Agents}{chapter.2}% 10
\BOOKMARK [1][-]{section.2.3}{Game Theory}{chapter.2}% 11
\BOOKMARK [0][-]{chapter.3}{Framework}{}% 12
\BOOKMARK [1][-]{section.3.1}{Introduction}{chapter.3}% 13
\BOOKMARK [1][-]{section.3.2}{Theoretical Framework}{chapter.3}% 14
\BOOKMARK [1][-]{section.3.3}{Implementation}{chapter.3}% 15
\BOOKMARK [1][-]{section.3.4}{Running the Software}{chapter.3}% 16
\BOOKMARK [0][-]{chapter.4}{Experiment Evaluation}{}% 17
\BOOKMARK [1][-]{section.4.1}{Introduction}{chapter.4}% 18
\BOOKMARK [1][-]{section.4.2}{Robustness}{chapter.4}% 19
\BOOKMARK [1][-]{section.4.3}{Stability}{chapter.4}% 20
\BOOKMARK [1][-]{section.4.4}{Initial Viability}{chapter.4}% 21
\BOOKMARK [1][-]{section.4.5}{Discussion}{chapter.4}% 22
\BOOKMARK [0][-]{chapter.5}{Critical Analysis and Discussion}{}% 23
\BOOKMARK [1][-]{section.5.1}{Introduction}{chapter.5}% 24
\BOOKMARK [1][-]{section.5.2}{Discovery}{chapter.5}% 25
\BOOKMARK [1][-]{section.5.3}{Theoretical Foundation}{chapter.5}% 26
\BOOKMARK [1][-]{section.5.4}{Implementation}{chapter.5}% 27
\BOOKMARK [1][-]{section.5.5}{Consolidation}{chapter.5}% 28
\BOOKMARK [1][-]{section.5.6}{Achievements}{chapter.5}% 29
\BOOKMARK [1][-]{section.5.7}{Project Process}{chapter.5}% 30
\BOOKMARK [1][-]{section.5.8}{Future Enhancements}{chapter.5}% 31
\BOOKMARK [0][-]{chapter.6}{Conclusions}{}% 32
\BOOKMARK [0][-]{chapter*.54}{Bibliography}{}% 33
\BOOKMARK [0][-]{chapter.7}{Professional Issues}{}% 34
\BOOKMARK [0][-]{chapter.8}{Appendix}{}% 35
\BOOKMARK [1][-]{section.8.1}{Game Theory Background}{chapter.8}% 36
\BOOKMARK [1][-]{section.8.2}{Theoretical Framework}{chapter.8}% 37
\BOOKMARK [1][-]{section.8.3}{Experiments}{chapter.8}% 38
\BOOKMARK [1][-]{section.8.4}{Strategies}{chapter.8}% 39
